c:\users\fanyj\desktop\自己的苦\ini文件操作\inifile\inifile\release_a\inifile.pch
c:\users\fanyj\desktop\自己的苦\ini文件操作\inifile\inifile\release_a\vc141.pdb
c:\users\fanyj\desktop\自己的苦\ini文件操作\inifile\inifile\release_a\stdafx.obj
c:\users\fanyj\desktop\自己的苦\ini文件操作\inifile\inifile\release_a\inifile.obj
c:\users\fanyj\desktop\自己的苦\ini文件操作\inifile\inifile\release_a\dllmain.obj
c:\users\fanyj\desktop\自己的苦\ini文件操作\inifile\bin\inifile.lib
c:\users\fanyj\desktop\自己的苦\ini文件操作\inifile\bin\inifile.exp
c:\users\fanyj\desktop\自己的苦\ini文件操作\inifile\bin\inifile.ipdb
c:\users\fanyj\desktop\自己的苦\ini文件操作\inifile\bin\inifile.iobj
c:\users\fanyj\desktop\自己的苦\ini文件操作\inifile\bin\inifile.dll
c:\users\fanyj\desktop\自己的苦\ini文件操作\inifile\bin\inifile.pdb
c:\users\fanyj\desktop\自己的苦\ini文件操作\inifile\\bin\inifile.pdb
c:\users\fanyj\desktop\自己的苦\ini文件操作\inifile\\bin\inifile.dll
c:\users\fanyj\desktop\自己的苦\ini文件操作\inifile\inifile\release_a\inifile.tlog\cl.command.1.tlog
c:\users\fanyj\desktop\自己的苦\ini文件操作\inifile\inifile\release_a\inifile.tlog\cl.read.1.tlog
c:\users\fanyj\desktop\自己的苦\ini文件操作\inifile\inifile\release_a\inifile.tlog\cl.write.1.tlog
c:\users\fanyj\desktop\自己的苦\ini文件操作\inifile\inifile\release_a\inifile.tlog\inifile.write.1u.tlog
c:\users\fanyj\desktop\自己的苦\ini文件操作\inifile\inifile\release_a\inifile.tlog\link.command.1.tlog
c:\users\fanyj\desktop\自己的苦\ini文件操作\inifile\inifile\release_a\inifile.tlog\link.read.1.tlog
c:\users\fanyj\desktop\自己的苦\ini文件操作\inifile\inifile\release_a\inifile.tlog\link.write.1.tlog
