c:\users\fanyj\desktop\自己的苦\ini文件操作\inifile\inifile\debug_a\inifile_d.pch
c:\users\fanyj\desktop\自己的苦\ini文件操作\inifile\inifile\debug_a\vc141.pdb
c:\users\fanyj\desktop\自己的苦\ini文件操作\inifile\inifile\debug_a\vc141.idb
c:\users\fanyj\desktop\自己的苦\ini文件操作\inifile\inifile\debug_a\stdafx.obj
c:\users\fanyj\desktop\自己的苦\ini文件操作\inifile\inifile\debug_a\inifile.obj
c:\users\fanyj\desktop\自己的苦\ini文件操作\inifile\inifile\debug_a\dllmain.obj
c:\users\fanyj\desktop\自己的苦\ini文件操作\inifile\bin\inifile_d.lib
c:\users\fanyj\desktop\自己的苦\ini文件操作\inifile\bin\inifile_d.exp
c:\users\fanyj\desktop\自己的苦\ini文件操作\inifile\bin\inifile_d.ilk
c:\users\fanyj\desktop\自己的苦\ini文件操作\inifile\bin\inifile_d.dll
c:\users\fanyj\desktop\自己的苦\ini文件操作\inifile\bin\inifile_d.pdb
c:\users\fanyj\desktop\自己的苦\ini文件操作\inifile\\bin\inifile_d.pdb
c:\users\fanyj\desktop\自己的苦\ini文件操作\inifile\\bin\inifile_d.dll
c:\users\fanyj\desktop\自己的苦\ini文件操作\inifile\\bin\inifile_d.ilk
c:\users\fanyj\desktop\自己的苦\ini文件操作\inifile\inifile\debug_a\inifile.tlog\cl.command.1.tlog
c:\users\fanyj\desktop\自己的苦\ini文件操作\inifile\inifile\debug_a\inifile.tlog\cl.read.1.tlog
c:\users\fanyj\desktop\自己的苦\ini文件操作\inifile\inifile\debug_a\inifile.tlog\cl.write.1.tlog
c:\users\fanyj\desktop\自己的苦\ini文件操作\inifile\inifile\debug_a\inifile.tlog\inifile.write.1u.tlog
c:\users\fanyj\desktop\自己的苦\ini文件操作\inifile\inifile\debug_a\inifile.tlog\link.command.1.tlog
c:\users\fanyj\desktop\自己的苦\ini文件操作\inifile\inifile\debug_a\inifile.tlog\link.read.1.tlog
c:\users\fanyj\desktop\自己的苦\ini文件操作\inifile\inifile\debug_a\inifile.tlog\link.write.1.tlog
